c:\users\tong\documents\github\my-projects\parkour's edge\debug\vc142.pdb
c:\users\tong\documents\github\my-projects\parkour's edge\debug\vc142.idb
c:\users\tong\documents\github\my-projects\parkour's edge\debug\vertexarray.obj
c:\users\tong\documents\github\my-projects\parkour's edge\debug\uicomponent.obj
c:\users\tong\documents\github\my-projects\parkour's edge\debug\texture.obj
c:\users\tong\documents\github\my-projects\parkour's edge\debug\shader.obj
c:\users\tong\documents\github\my-projects\parkour's edge\debug\segmentcast.obj
c:\users\tong\documents\github\my-projects\parkour's edge\debug\renderer.obj
c:\users\tong\documents\github\my-projects\parkour's edge\debug\random.obj
c:\users\tong\documents\github\my-projects\parkour's edge\debug\movecomponent.obj
c:\users\tong\documents\github\my-projects\parkour's edge\debug\meshcomponent.obj
c:\users\tong\documents\github\my-projects\parkour's edge\debug\mesh.obj
c:\users\tong\documents\github\my-projects\parkour's edge\debug\math.obj
c:\users\tong\documents\github\my-projects\parkour's edge\debug\main.obj
c:\users\tong\documents\github\my-projects\parkour's edge\debug\levelloader.obj
c:\users\tong\documents\github\my-projects\parkour's edge\debug\game.obj
c:\users\tong\documents\github\my-projects\parkour's edge\debug\component.obj
c:\users\tong\documents\github\my-projects\parkour's edge\debug\collisioncomponent.obj
c:\users\tong\documents\github\my-projects\parkour's edge\debug\actor.obj
c:\users\tong\documents\github\my-projects\parkour's edge\debug\game.pdb
c:\users\tong\documents\github\my-projects\parkour's edge\debug\game.tlog\cl.command.1.tlog
c:\users\tong\documents\github\my-projects\parkour's edge\debug\game.tlog\cl.read.1.tlog
c:\users\tong\documents\github\my-projects\parkour's edge\debug\game.tlog\cl.write.1.tlog
c:\users\tong\documents\github\my-projects\parkour's edge\debug\game.tlog\link-cvtres.read.1.tlog
c:\users\tong\documents\github\my-projects\parkour's edge\debug\game.tlog\link-cvtres.write.1.tlog
c:\users\tong\documents\github\my-projects\parkour's edge\debug\game.tlog\link-rc.read.1.tlog
c:\users\tong\documents\github\my-projects\parkour's edge\debug\game.tlog\link-rc.write.1.tlog
c:\users\tong\documents\github\my-projects\parkour's edge\debug\game.tlog\link.command.1.tlog
c:\users\tong\documents\github\my-projects\parkour's edge\debug\game.tlog\link.read.1.tlog
c:\users\tong\documents\github\my-projects\parkour's edge\debug\game.tlog\link.write.1.tlog
